<?xml version="1.0" encoding="UTF-8"?>
<!-- Generated by org.testng.reporters.JUnitReportReporter -->
<testsuite hostname="HW1315" name="com.desktopWeb.scripts.tools.TC_37_Add_Visioner_Input" tests="1" failures="0" timestamp="4 Feb 2017 11:22:01 GMT" time="184.224" errors="0">
  <testcase name="TC37_Add_Visioner_Input" time="184.224" classname="com.desktopWeb.scripts.tools.TC_37_Add_Visioner_Input"/>
</testsuite> <!-- com.desktopWeb.scripts.tools.TC_37_Add_Visioner_Input -->
