<?xml version="1.0" encoding="UTF-8"?>
<!-- Generated by org.testng.reporters.JUnitReportReporter -->
<testsuite hostname="HW1315" name="com.desktopWeb.scripts.sprint.TC_167_Verify_Page_News_Page_Version_NewPage_En" tests="1" failures="0" timestamp="19 Jan 2017 12:25:36 GMT" time="167.278" errors="0">
  <testcase name="TC167_Verify_Page_News_Page_Version_NewPage_En" time="167.278" classname="com.desktopWeb.scripts.sprint.TC_167_Verify_Page_News_Page_Version_NewPage_En"/>
</testsuite> <!-- com.desktopWeb.scripts.sprint.TC_167_Verify_Page_News_Page_Version_NewPage_En -->
