<?xml version="1.0" encoding="UTF-8"?>
<!-- Generated by org.testng.reporters.JUnitReportReporter -->
<testsuite hostname="HW1315" name="com.desktopWeb.scripts.common.TC_07_loginviaFooter_CommonCheck_FooterLinks_SearchSite_GuestUSer" tests="1" failures="0" timestamp="4 Feb 2017 11:22:00 GMT" time="353.955" errors="0">
  <testcase name="TC07_loginviaFooter_CommonCheck_FooterLinks_SearchSite_GuestUSer" time="353.955" classname="com.desktopWeb.scripts.common.TC_07_loginviaFooter_CommonCheck_FooterLinks_SearchSite_GuestUSer"/>
</testsuite> <!-- com.desktopWeb.scripts.common.TC_07_loginviaFooter_CommonCheck_FooterLinks_SearchSite_GuestUSer -->
