<?xml version="1.0" encoding="UTF-8"?>
<!-- Generated by org.testng.reporters.JUnitReportReporter -->
<testsuite hostname="HW1315" name="com.desktopWeb.scripts.setting.TC_51_Verify_Authoring_Setting_Options" tests="1" failures="0" timestamp="2 Feb 2017 20:12:22 GMT" time="75.883" errors="0">
  <testcase name="TC51_Verify_Authoring_Setting_Options" time="75.883" classname="com.desktopWeb.scripts.setting.TC_51_Verify_Authoring_Setting_Options"/>
</testsuite> <!-- com.desktopWeb.scripts.setting.TC_51_Verify_Authoring_Setting_Options -->
