<?xml version="1.0" encoding="UTF-8"?>
<!-- Generated by org.testng.reporters.JUnitReportReporter -->
<testsuite hostname="HW1315" name="com.desktopWeb.scripts.setting.TC_58_SEO_Setting_Name" tests="1" failures="0" timestamp="5 Feb 2017 12:25:41 GMT" time="296.569" errors="0">
  <testcase name="TC58_SEO_Setting_Name" time="296.569" classname="com.desktopWeb.scripts.setting.TC_58_SEO_Setting_Name"/>
</testsuite> <!-- com.desktopWeb.scripts.setting.TC_58_SEO_Setting_Name -->
