<?xml version="1.0" encoding="UTF-8"?>
<!-- Generated by org.testng.reporters.JUnitReportReporter -->
<testsuite hostname="HW1315" name="com.desktopWeb.scripts.page.TC_72_Location_Project_Sub_Page_Location" tests="1" failures="0" timestamp="2 Feb 2017 20:12:22 GMT" time="207.622" errors="0">
  <testcase name="TC72_Location_Page_Location" time="207.622" classname="com.desktopWeb.scripts.page.TC_72_Location_Project_Sub_Page_Location"/>
</testsuite> <!-- com.desktopWeb.scripts.page.TC_72_Location_Project_Sub_Page_Location -->
