<?xml version="1.0" encoding="UTF-8"?>
<!-- Generated by org.testng.reporters.JUnitReportReporter -->
<testsuite hostname="HW1315" name="com.desktopWeb.scripts.common.TC_14_Signup_from_Menu_Footer" tests="1" failures="0" timestamp="4 Feb 2017 02:15:06 GMT" time="64.558" errors="0">
  <testcase name="TC14_Signup_from_Menu_Footer" time="64.558" classname="com.desktopWeb.scripts.common.TC_14_Signup_from_Menu_Footer"/>
</testsuite> <!-- com.desktopWeb.scripts.common.TC_14_Signup_from_Menu_Footer -->
