<?xml version="1.0" encoding="UTF-8"?>
<!-- Generated by org.testng.reporters.JUnitReportReporter -->
<testsuite hostname="HW1315" name="com.desktopWeb.scripts.sprint.TC_146_Verify_Page_News_Page_Delete_En" tests="1" failures="0" timestamp="1 Feb 2017 13:58:51 GMT" time="104.192" errors="0">
  <testcase name="TC146_Verify_Page_News_Page_Delete_En" time="104.192" classname="com.desktopWeb.scripts.sprint.TC_146_Verify_Page_News_Page_Delete_En"/>
</testsuite> <!-- com.desktopWeb.scripts.sprint.TC_146_Verify_Page_News_Page_Delete_En -->
