<?xml version="1.0" encoding="UTF-8"?>
<!-- Generated by org.testng.reporters.JUnitReportReporter -->
<testsuite hostname="HW1315" name="com.desktopWeb.scripts.tools.TC_35_Add_Conversation" tests="1" failures="0" timestamp="4 Feb 2017 02:15:07 GMT" time="159.245" errors="0">
  <testcase name="TC35_Add_Conversation" time="159.245" classname="com.desktopWeb.scripts.tools.TC_35_Add_Conversation"/>
</testsuite> <!-- com.desktopWeb.scripts.tools.TC_35_Add_Conversation -->
