<?xml version="1.0" encoding="UTF-8"?>
<!-- Generated by org.testng.reporters.JUnitReportReporter -->
<testsuite hostname="HW1315" name="com.desktopWeb.scripts.tools.TC_26_Add_Tabs_Start" tests="1" failures="0" timestamp="5 Feb 2017 09:48:12 GMT" time="302.017" errors="0">
  <testcase name="TC26_Add_Tabs_Start" time="302.017" classname="com.desktopWeb.scripts.tools.TC_26_Add_Tabs_Start"/>
</testsuite> <!-- com.desktopWeb.scripts.tools.TC_26_Add_Tabs_Start -->
