<?xml version="1.0" encoding="UTF-8"?>
<!-- Generated by org.testng.reporters.JUnitReportReporter -->
<testsuite hostname="HW1315" name="com.desktopWeb.scripts.sprint1.TC_161_Verify_Project_Sub_Page_Delete_Cm" tests="1" failures="0" timestamp="3 Feb 2017 12:42:45 GMT" time="100.637" errors="0">
  <testcase name="TC161_Verify_Project_Sub_Page_Delete_Cm" time="100.637" classname="com.desktopWeb.scripts.sprint1.TC_161_Verify_Project_Sub_Page_Delete_Cm"/>
</testsuite> <!-- com.desktopWeb.scripts.sprint1.TC_161_Verify_Project_Sub_Page_Delete_Cm -->
