<?xml version="1.0" encoding="UTF-8"?>
<!-- Generated by org.testng.reporters.JUnitReportReporter -->
<testsuite hostname="HW1315" name="com.desktopWeb.scripts.sprint1.TC_149_Verify_Page_News_Page_Mobile_Preview_En" tests="1" failures="0" timestamp="3 Feb 2017 12:42:47 GMT" time="176.673" errors="0">
  <testcase name="TC149_Verify_Page_News_Page_Mobile_Preview_En" time="176.673" classname="com.desktopWeb.scripts.sprint1.TC_149_Verify_Page_News_Page_Mobile_Preview_En"/>
</testsuite> <!-- com.desktopWeb.scripts.sprint1.TC_149_Verify_Page_News_Page_Mobile_Preview_En -->
