<?xml version="1.0" encoding="UTF-8"?>
<!-- Generated by org.testng.reporters.JUnitReportReporter -->
<testsuite hostname="HW1315" name="com.desktopWeb.scripts.dashboard.TC_104_Verify_Dashboard_Moderation_Recently_RejecttoRefer" tests="1" failures="0" timestamp="4 Feb 2017 02:15:05 GMT" time="113.375" errors="0">
  <testcase name="TC104_Verify_Dashboard_Moderation_Recently_RejecttoRefer" time="113.375" classname="com.desktopWeb.scripts.dashboard.TC_104_Verify_Dashboard_Moderation_Recently_RejecttoRefer"/>
</testsuite> <!-- com.desktopWeb.scripts.dashboard.TC_104_Verify_Dashboard_Moderation_Recently_RejecttoRefer -->
