<?xml version="1.0" encoding="UTF-8"?>
<!-- Generated by org.testng.reporters.JUnitReportReporter -->
<testsuite hostname="HW1315" name="com.desktopWeb.scripts.sprint1.TC_134_Verify_Project_Sub_Page_Version_Approve_Cm" tests="1" failures="0" timestamp="5 Feb 2017 14:56:25 GMT" time="265.970" errors="0">
  <testcase name="TC134_Verify_Project_Sub_Page_Version_Approve_Cm" time="265.970" classname="com.desktopWeb.scripts.sprint1.TC_134_Verify_Project_Sub_Page_Version_Approve_Cm"/>
</testsuite> <!-- com.desktopWeb.scripts.sprint1.TC_134_Verify_Project_Sub_Page_Version_Approve_Cm -->
