<?xml version="1.0" encoding="UTF-8"?>
<!-- Generated by org.testng.reporters.JUnitReportReporter -->
<testsuite hostname="HW1315" name="com.desktopWeb.scripts.tools.TC_28_Add_Web_Map" tests="1" failures="0" timestamp="4 Feb 2017 02:15:07 GMT" time="205.188" errors="0">
  <testcase name="TC28_Add_Web_Map" time="205.188" classname="com.desktopWeb.scripts.tools.TC_28_Add_Web_Map"/>
</testsuite> <!-- com.desktopWeb.scripts.tools.TC_28_Add_Web_Map -->
