<?xml version="1.0" encoding="UTF-8"?>
<!-- Generated by org.testng.reporters.JUnitReportReporter -->
<testsuite hostname="HW1315" name="com.desktopWeb.scripts.sprint1.TC_117_Detail_Project_Sub_Page_Project_En" tests="1" failures="0" timestamp="2 Feb 2017 20:12:24 GMT" time="116.959" errors="0">
  <testcase name="TC117_Detail_Project_Sub_Page_Project_En" time="116.959" classname="com.desktopWeb.scripts.sprint1.TC_117_Detail_Project_Sub_Page_Project_En"/>
</testsuite> <!-- com.desktopWeb.scripts.sprint1.TC_117_Detail_Project_Sub_Page_Project_En -->
