<?xml version="1.0" encoding="UTF-8"?>
<!-- Generated by org.testng.reporters.JUnitReportReporter -->
<testsuite hostname="HW1315" name="com.desktopWeb.scripts.sprint2.TC_182_WCCP_408_En_Manage_ProjectUser" tests="1" failures="0" timestamp="6 Feb 2017 13:32:55 GMT" time="600.418" errors="0">
  <testcase name="TC181_WCCP_408_En_Launch_Project" time="600.418" classname="com.desktopWeb.scripts.sprint2.TC_182_WCCP_408_En_Manage_ProjectUser"/>
</testsuite> <!-- com.desktopWeb.scripts.sprint2.TC_182_WCCP_408_En_Manage_ProjectUser -->
