<?xml version="1.0" encoding="UTF-8"?>
<!-- Generated by org.testng.reporters.JUnitReportReporter -->
<testsuite hostname="HW1118" name="com.desktopWeb.scripts.TC_01_1_Join_CricHQ" tests="1" failures="0" timestamp="18 Nov 2016 07:17:10 GMT" time="119.621" errors="0">
  <testcase name="Tc_01_Join_CricHQ" time="119.621" classname="com.desktopWeb.scripts.TC_01_1_Join_CricHQ"/>
</testsuite> <!-- com.desktopWeb.scripts.TC_01_1_Join_CricHQ -->
