<?xml version="1.0" encoding="UTF-8"?>
<!-- Generated by org.testng.reporters.JUnitReportReporter -->
<testsuite hostname="HW1315" name="com.desktopWeb.scripts.sprint1.TC_129_Verify_Project_Sub_Page_Delete_Cm" tests="1" failures="0" timestamp="3 Feb 2017 12:42:46 GMT" time="229.867" errors="0">
  <testcase name="TC129_Verify_Project_Sub_Page_Delete_Cm" time="229.867" classname="com.desktopWeb.scripts.sprint1.TC_129_Verify_Project_Sub_Page_Delete_Cm"/>
</testsuite> <!-- com.desktopWeb.scripts.sprint1.TC_129_Verify_Project_Sub_Page_Delete_Cm -->
