<?xml version="1.0" encoding="UTF-8"?>
<!-- Generated by org.testng.reporters.JUnitReportReporter -->
<testsuite hostname="HW1315" name="com.desktopWeb.scripts.addUpdate.TC_68_Verify_Authoring_Update_Options" tests="1" failures="0" timestamp="3 Feb 2017 12:42:45 GMT" time="88.884" errors="0">
  <testcase name="TC68_Verify_Authoring_Update_Options" time="88.884" classname="com.desktopWeb.scripts.addUpdate.TC_68_Verify_Authoring_Update_Options"/>
</testsuite> <!-- com.desktopWeb.scripts.addUpdate.TC_68_Verify_Authoring_Update_Options -->
