<?xml version="1.0" encoding="UTF-8"?>
<!-- Generated by org.testng.reporters.JUnitReportReporter -->
<testsuite hostname="HW1315" name="com.desktopWeb.scripts.tools.TC_21_Add_Block_Quote" tests="1" failures="0" timestamp="4 Feb 2017 02:15:05 GMT" time="181.362" errors="0">
  <testcase name="TC21_Add_Block_Quote" time="181.362" classname="com.desktopWeb.scripts.tools.TC_21_Add_Block_Quote"/>
</testsuite> <!-- com.desktopWeb.scripts.tools.TC_21_Add_Block_Quote -->
