<?xml version="1.0" encoding="UTF-8"?>
<!-- Generated by org.testng.reporters.JUnitReportReporter -->
<testsuite hostname="HW1315" name="com.desktopWeb.scripts.page.TC_85_Create_New_Project_Page_New_Project" tests="1" failures="0" timestamp="5 Feb 2017 12:50:44 GMT" time="371.633" errors="0">
  <testcase name="TC85_Create_New_Project_Page_New_Project" time="371.633" classname="com.desktopWeb.scripts.page.TC_85_Create_New_Project_Page_New_Project"/>
</testsuite> <!-- com.desktopWeb.scripts.page.TC_85_Create_New_Project_Page_New_Project -->
