<?xml version="1.0" encoding="UTF-8"?>
<!-- Generated by org.testng.reporters.JUnitReportReporter -->
<testsuite hostname="HW1315" name="com.desktopWeb.scripts.page.TC_80_Verify_Site_Sub_Page_Mobile_Preview" tests="1" failures="0" timestamp="3 Feb 2017 12:42:47 GMT" time="188.103" errors="0">
  <testcase name="TC80_Verify_Site_Sub_Page_Mobile_Preview" time="188.103" classname="com.desktopWeb.scripts.page.TC_80_Verify_Site_Sub_Page_Mobile_Preview"/>
</testsuite> <!-- com.desktopWeb.scripts.page.TC_80_Verify_Site_Sub_Page_Mobile_Preview -->
