<?xml version="1.0" encoding="UTF-8"?>
<!-- Generated by org.testng.reporters.JUnitReportReporter -->
<testsuite hostname="HW1315" name="com.desktopWeb.scripts.sprint1.TC_127_Detail_Project_Sub_Page_Project_Cm" tests="1" failures="0" timestamp="3 Feb 2017 12:42:46 GMT" time="133.529" errors="0">
  <testcase name="TC127_Detail_Project_Sub_Page_Project_Cm" time="133.529" classname="com.desktopWeb.scripts.sprint1.TC_127_Detail_Project_Sub_Page_Project_Cm"/>
</testsuite> <!-- com.desktopWeb.scripts.sprint1.TC_127_Detail_Project_Sub_Page_Project_Cm -->
