<?xml version="1.0" encoding="UTF-8"?>
<!-- Generated by org.testng.reporters.JUnitReportReporter -->
<testsuite hostname="HW1315" name="com.desktopWeb.scripts.common.TC_05_loginviaFooter_CommonCheck_FooterLinks_SearchSite_SiteAdmin" tests="1" failures="0" timestamp="4 Feb 2017 19:02:05 GMT" time="568.593" errors="0">
  <testcase name="TC05_loginviaFooter_CommonCheck_FooterLinks_SearchSite_SiteAdmin" time="568.593" classname="com.desktopWeb.scripts.common.TC_05_loginviaFooter_CommonCheck_FooterLinks_SearchSite_SiteAdmin"/>
</testsuite> <!-- com.desktopWeb.scripts.common.TC_05_loginviaFooter_CommonCheck_FooterLinks_SearchSite_SiteAdmin -->
