<?xml version="1.0" encoding="UTF-8"?>
<!-- Generated by org.testng.reporters.JUnitReportReporter -->
<testsuite hostname="HW1315" name="com.desktopWeb.scripts.page.TC_79_Location_Site_Sub_Page_Location" tests="1" failures="0" timestamp="3 Feb 2017 12:42:48 GMT" time="330.579" errors="0">
  <testcase name="TC79_Location_Site_Sub_Page_Location" time="330.579" classname="com.desktopWeb.scripts.page.TC_79_Location_Site_Sub_Page_Location"/>
</testsuite> <!-- com.desktopWeb.scripts.page.TC_79_Location_Site_Sub_Page_Location -->
