<?xml version="1.0" encoding="UTF-8"?>
<!-- Generated by org.testng.reporters.JUnitReportReporter -->
<testsuite hostname="HW0376" name="com.dbs.androidMobile.scripts.DBS_01" tests="1" failures="0" timestamp="19 Aug 2016 10:08:23 GMT" time="7.042" errors="0">
  <testcase name="validateTestLogin" time="7.042" classname="com.dbs.androidMobile.scripts.DBS_01"/>
</testsuite> <!-- com.dbs.androidMobile.scripts.DBS_01 -->
