<?xml version="1.0" encoding="UTF-8"?>
<!-- Generated by org.testng.reporters.JUnitReportReporter -->
<testsuite hostname="HW1315" name="com.desktopWeb.scripts.sprint1.TC_151_Location_Page_News_Page_Location_En" tests="1" failures="0" timestamp="3 Feb 2017 12:42:46 GMT" time="332.145" errors="0">
  <testcase name="TC151_Location_Page_News_Page_Location_En" time="332.145" classname="com.desktopWeb.scripts.sprint1.TC_151_Location_Page_News_Page_Location_En"/>
</testsuite> <!-- com.desktopWeb.scripts.sprint1.TC_151_Location_Page_News_Page_Location_En -->
