<?xml version="1.0" encoding="UTF-8"?>
<!-- Generated by org.testng.reporters.JUnitReportReporter -->
<testsuite hostname="HW1315" name="com.desktopWeb.scripts.tools.TC_27_Add_Button" tests="1" failures="0" timestamp="4 Feb 2017 02:15:05 GMT" time="172.398" errors="0">
  <testcase name="TC27_Add_Button" time="172.398" classname="com.desktopWeb.scripts.tools.TC_27_Add_Button"/>
</testsuite> <!-- com.desktopWeb.scripts.tools.TC_27_Add_Button -->
