<?xml version="1.0" encoding="UTF-8"?>
<!-- Generated by org.testng.reporters.JUnitReportReporter -->
<testsuite hostname="HW1315" name="com.desktopWeb.scripts.tools.TC_38_Add_Visioner_Result" tests="1" failures="0" timestamp="4 Feb 2017 02:15:08 GMT" time="173.977" errors="0">
  <testcase name="TC38_Add_Visioner_Result" time="173.977" classname="com.desktopWeb.scripts.tools.TC_38_Add_Visioner_Result"/>
</testsuite> <!-- com.desktopWeb.scripts.tools.TC_38_Add_Visioner_Result -->
