<?xml version="1.0" encoding="UTF-8"?>
<!-- Generated by org.testng.reporters.JUnitReportReporter -->
<testsuite hostname="HW1315" name="com.desktopWeb.scripts.tools.TC_45_Add_Contact_us" tests="1" failures="0" timestamp="4 Feb 2017 02:15:05 GMT" time="259.024" errors="0">
  <testcase name="TC45_Add_Contact_us" time="259.024" classname="com.desktopWeb.scripts.tools.TC_45_Add_Contact_us"/>
</testsuite> <!-- com.desktopWeb.scripts.tools.TC_45_Add_Contact_us -->
