<?xml version="1.0" encoding="UTF-8"?>
<!-- Generated by org.testng.reporters.JUnitReportReporter -->
<testsuite hostname="HW1315" name="com.desktopWeb.scripts.sprint1.TC_163_Verify_Page_News_Page_Mobile_Preview_Pa" tests="1" failures="0" timestamp="3 Feb 2017 12:42:48 GMT" time="178.766" errors="0">
  <testcase name="TC163_Verify_Page_News_Page_Mobile_Preview_Pa" time="178.766" classname="com.desktopWeb.scripts.sprint1.TC_163_Verify_Page_News_Page_Mobile_Preview_Pa"/>
</testsuite> <!-- com.desktopWeb.scripts.sprint1.TC_163_Verify_Page_News_Page_Mobile_Preview_Pa -->
