<?xml version="1.0" encoding="UTF-8"?>
<!-- Generated by org.testng.reporters.JUnitReportReporter -->
<testsuite hostname="HW1315" name="com.desktopWeb.scripts.tools.TC_47_Add_Feature" tests="1" failures="0" timestamp="5 Feb 2017 11:18:56 GMT" time="591.438" errors="0">
  <testcase name="TC47_Add_Feature" time="591.438" classname="com.desktopWeb.scripts.tools.TC_47_Add_Feature"/>
</testsuite> <!-- com.desktopWeb.scripts.tools.TC_47_Add_Feature -->
