<?xml version="1.0" encoding="UTF-8"?>
<!-- Generated by org.testng.reporters.JUnitReportReporter -->
<testsuite hostname="HW1315" name="com.desktopWeb.scripts.page.TC_88_Verify_Page_News_Page_Version_Duplicate" tests="1" failures="0" timestamp="3 Feb 2017 12:42:50 GMT" time="196.486" errors="0">
  <testcase name="TC88_Verify_Page_News_Page_Version_Duplicate" time="196.486" classname="com.desktopWeb.scripts.page.TC_88_Verify_Page_News_Page_Version_Duplicate"/>
</testsuite> <!-- com.desktopWeb.scripts.page.TC_88_Verify_Page_News_Page_Version_Duplicate -->
