<?xml version="1.0" encoding="UTF-8"?>
<!-- Generated by org.testng.reporters.JUnitReportReporter -->
<testsuite hostname="HW1315" name="com.desktopWeb.scripts.dashboard.TC_112_Verify_DashBoard_HiveSetting_Moderation_Method_Add_Delete" tests="1" failures="0" timestamp="4 Feb 2017 02:15:06 GMT" time="90.157" errors="0">
  <testcase name="TC112_Verify_DashBoard_HiveSetting_Moderation_Method_Add_Delete" time="90.157" classname="com.desktopWeb.scripts.dashboard.TC_112_Verify_DashBoard_HiveSetting_Moderation_Method_Add_Delete"/>
</testsuite> <!-- com.desktopWeb.scripts.dashboard.TC_112_Verify_DashBoard_HiveSetting_Moderation_Method_Add_Delete -->
