<?xml version="1.0" encoding="UTF-8"?>
<!-- Generated by org.testng.reporters.JUnitReportReporter -->
<testsuite hostname="HW1315" name="com.desktopWeb.scripts.sprint1.TC_121_Verify_Project_Sub_Page_Version_Duplicate_En" tests="1" failures="0" timestamp="2 Feb 2017 20:12:22 GMT" time="142.405" errors="0">
  <testcase name="TC121_Verify_Project_Sub_Page_Version_Duplicate_En" time="142.405" classname="com.desktopWeb.scripts.sprint1.TC_121_Verify_Project_Sub_Page_Version_Duplicate_En"/>
</testsuite> <!-- com.desktopWeb.scripts.sprint1.TC_121_Verify_Project_Sub_Page_Version_Duplicate_En -->
