<?xml version="1.0" encoding="UTF-8"?>
<!-- Generated by org.testng.reporters.JUnitReportReporter -->
<testsuite hostname="HW1315" name="com.desktopWeb.scripts.addUpdate.TC_53_Design_Update_Template" tests="1" failures="0" timestamp="5 Feb 2017 12:01:54 GMT" time="609.588" errors="0">
  <testcase name="TC53_Design_Update_Template" time="609.588" classname="com.desktopWeb.scripts.addUpdate.TC_53_Design_Update_Template"/>
</testsuite> <!-- com.desktopWeb.scripts.addUpdate.TC_53_Design_Update_Template -->
