<?xml version="1.0" encoding="UTF-8"?>
<!-- Generated by org.testng.reporters.JUnitReportReporter -->
<testsuite hostname="HW1315" name="com.desktopWeb.scripts.setting.TC_59_Design_Setting_Template" tests="1" failures="0" timestamp="5 Feb 2017 12:34:51 GMT" time="235.483" errors="0">
  <testcase name="TC59_Design_Setting_Template" time="235.483" classname="com.desktopWeb.scripts.setting.TC_59_Design_Setting_Template"/>
</testsuite> <!-- com.desktopWeb.scripts.setting.TC_59_Design_Setting_Template -->
