<?xml version="1.0" encoding="UTF-8"?>
<!-- Generated by org.testng.reporters.JUnitReportReporter -->
<testsuite hostname="HW1315" name="com.desktopWeb.scripts.sprint.TC_116_WCCP_446_Verify_PM_Dept_Agency_Permission_To_En_Manager" tests="1" failures="0" timestamp="22 Jan 2017 09:52:44 GMT" time="89.458" errors="0">
  <testcase name="TC116_WCCP_446_Verify_PM_Dept_Agency_Permission_To_En_Manager" time="89.458" classname="com.desktopWeb.scripts.sprint.TC_116_WCCP_446_Verify_PM_Dept_Agency_Permission_To_En_Manager"/>
</testsuite> <!-- com.desktopWeb.scripts.sprint.TC_116_WCCP_446_Verify_PM_Dept_Agency_Permission_To_En_Manager -->
