<?xml version="1.0" encoding="UTF-8"?>
<!-- Generated by org.testng.reporters.JUnitReportReporter -->
<testsuite hostname="HW1315" name="com.desktopWeb.scripts.tools.TC_25_Add_Flexi" tests="1" failures="0" timestamp="4 Feb 2017 02:15:05 GMT" time="177.332" errors="0">
  <testcase name="TC25_Add_Flexi" time="177.332" classname="com.desktopWeb.scripts.tools.TC_25_Add_Flexi"/>
</testsuite> <!-- com.desktopWeb.scripts.tools.TC_25_Add_Flexi -->
