<?xml version="1.0" encoding="UTF-8"?>
<!-- Generated by org.testng.reporters.JUnitReportReporter -->
<testsuite hostname="HW1315" name="com.desktopWeb.scripts.sprint1.TC_131_SEO_Project_Sub_Page_Name_Cm" tests="1" failures="0" timestamp="3 Feb 2017 12:42:48 GMT" time="135.642" errors="0">
  <testcase name="TC131_SEO_Project_Sub_Page_Name_Cm" time="135.642" classname="com.desktopWeb.scripts.sprint1.TC_131_SEO_Project_Sub_Page_Name_Cm"/>
</testsuite> <!-- com.desktopWeb.scripts.sprint1.TC_131_SEO_Project_Sub_Page_Name_Cm -->
