<?xml version="1.0" encoding="UTF-8"?>
<!-- Generated by org.testng.reporters.JUnitReportReporter -->
<testsuite hostname="HW1315" name="com.desktopWeb.scripts.addUpdate.TC_52_Detail_Update_Project" tests="1" failures="0" timestamp="2 Feb 2017 20:12:22 GMT" time="126.020" errors="0">
  <testcase name="TC52_Detail_Update_Project" time="126.020" classname="com.desktopWeb.scripts.addUpdate.TC_52_Detail_Update_Project"/>
</testsuite> <!-- com.desktopWeb.scripts.addUpdate.TC_52_Detail_Update_Project -->
