<?xml version="1.0" encoding="UTF-8"?>
<!-- Generated by org.testng.reporters.JUnitReportReporter -->
<testsuite hostname="HW1315" name="com.desktopWeb.scripts.page.TC_84_Detail_Site_Sub_Page_Project" tests="1" failures="0" timestamp="5 Feb 2017 12:43:00 GMT" time="220.858" errors="0">
  <testcase name="TC84_Detail_Site_Sub_Page_Project" time="220.858" classname="com.desktopWeb.scripts.page.TC_84_Detail_Site_Sub_Page_Project"/>
</testsuite> <!-- com.desktopWeb.scripts.page.TC_84_Detail_Site_Sub_Page_Project -->
