<?xml version="1.0" encoding="UTF-8"?>
<!-- Generated by org.testng.reporters.JUnitReportReporter -->
<testsuite hostname="HW1315" name="com.desktopWeb.scripts.tools.TC_20_Add_HTML" tests="1" failures="0" timestamp="6 Feb 2017 06:20:47 GMT" time="222.400" errors="0">
  <testcase name="TC20_Add_HTML" time="222.400" classname="com.desktopWeb.scripts.tools.TC_20_Add_HTML"/>
</testsuite> <!-- com.desktopWeb.scripts.tools.TC_20_Add_HTML -->
