<?xml version="1.0" encoding="UTF-8"?>
<!-- Generated by org.testng.reporters.JUnitReportReporter -->
<testsuite hostname="HW1315" name="com.desktopWeb.scripts.dashboard.TC_98_Verify_Dashboard_Moderation_Awaiting_Refer" tests="1" failures="0" timestamp="4 Feb 2017 02:15:07 GMT" time="105.336" errors="0">
  <testcase name="TC98_Verify_Dashboard_Moderation_Awaiting_Refer" time="105.336" classname="com.desktopWeb.scripts.dashboard.TC_98_Verify_Dashboard_Moderation_Awaiting_Refer"/>
</testsuite> <!-- com.desktopWeb.scripts.dashboard.TC_98_Verify_Dashboard_Moderation_Awaiting_Refer -->
