<?xml version="1.0" encoding="UTF-8"?>
<!-- Generated by org.testng.reporters.JUnitReportReporter -->
<testsuite hostname="HW1315" name="com.desktopWeb.scripts.page.TC_82_Verify_Site_Sub_Page_Version_Approve" tests="1" failures="0" timestamp="3 Feb 2017 12:42:49 GMT" time="139.354" errors="0">
  <testcase name="TC82_Verify_Site_Sub_Page_Version_Approve" time="139.354" classname="com.desktopWeb.scripts.page.TC_82_Verify_Site_Sub_Page_Version_Approve"/>
</testsuite> <!-- com.desktopWeb.scripts.page.TC_82_Verify_Site_Sub_Page_Version_Approve -->
