<?xml version="1.0" encoding="UTF-8"?>
<!-- Generated by org.testng.reporters.JUnitReportReporter -->
<testsuite hostname="HW1315" name="com.desktopWeb.scripts.sprint1.TC_157_Verify_Page_News_Page_Version_Approve_Cm" tests="1" failures="0" timestamp="5 Feb 2017 15:43:44 GMT" time="236.081" errors="0">
  <testcase name="TC157_Verify_Page_News_Page_Version_Approve_Cm" time="236.081" classname="com.desktopWeb.scripts.sprint1.TC_157_Verify_Page_News_Page_Version_Approve_Cm"/>
</testsuite> <!-- com.desktopWeb.scripts.sprint1.TC_157_Verify_Page_News_Page_Version_Approve_Cm -->
