<?xml version="1.0" encoding="UTF-8"?>
<!-- Generated by org.testng.reporters.JUnitReportReporter -->
<testsuite hostname="HW1315" name="com.desktopWeb.scripts.tools.TC_41_Add_FAQ" tests="1" failures="0" timestamp="4 Feb 2017 02:15:06 GMT" time="189.378" errors="0">
  <testcase name="TC41_Add_FAQ" time="189.378" classname="com.desktopWeb.scripts.tools.TC_41_Add_FAQ"/>
</testsuite> <!-- com.desktopWeb.scripts.tools.TC_41_Add_FAQ -->
