<?xml version="1.0" encoding="UTF-8"?>
<!-- Generated by org.testng.reporters.JUnitReportReporter -->
<testsuite hostname="HW1315" name="com.desktopWeb.scripts.dashboard.TC_111_Verify_DashBoard_Sitemap_Links" tests="1" failures="0" timestamp="5 Feb 2017 14:37:32 GMT" time="905.360" errors="0">
  <testcase name="TC111_Verify_DashBoard_Sitemap_Links" time="905.360" classname="com.desktopWeb.scripts.dashboard.TC_111_Verify_DashBoard_Sitemap_Links"/>
</testsuite> <!-- com.desktopWeb.scripts.dashboard.TC_111_Verify_DashBoard_Sitemap_Links -->
