<?xml version="1.0" encoding="UTF-8"?>
<!-- Generated by org.testng.reporters.JUnitReportReporter -->
<testsuite hostname="HW1315" name="com.desktopWeb.scripts.setting.TC_60_Location_Setting_Location" tests="1" failures="0" timestamp="5 Feb 2017 12:30:30 GMT" time="242.493" errors="0">
  <testcase name="TC60_Location_Setting_Location" time="242.493" classname="com.desktopWeb.scripts.setting.TC_60_Location_Setting_Location"/>
</testsuite> <!-- com.desktopWeb.scripts.setting.TC_60_Location_Setting_Location -->
