<?xml version="1.0" encoding="UTF-8"?>
<!-- Generated by org.testng.reporters.JUnitReportReporter -->
<testsuite hostname="HW1315" name="com.desktopWeb.scripts.common.TC_15_CommonChecks_InvalidEmailIDPWD" tests="1" failures="0" timestamp="4 Feb 2017 02:15:06 GMT" time="34.268" errors="0">
  <testcase name="TC15_CommonChecks_InvalidEmailIDPWD" time="34.268" classname="com.desktopWeb.scripts.common.TC_15_CommonChecks_InvalidEmailIDPWD"/>
</testsuite> <!-- com.desktopWeb.scripts.common.TC_15_CommonChecks_InvalidEmailIDPWD -->
