<?xml version="1.0" encoding="UTF-8"?>
<!-- Generated by org.testng.reporters.JUnitReportReporter -->
<testsuite hostname="HW1315" name="com.desktopWeb.scripts.sprint1.TC_155_Verify_Page_News_Page_Mobile_Preview_Cm" tests="1" failures="0" timestamp="3 Feb 2017 12:42:49 GMT" time="163.409" errors="0">
  <testcase name="TC155_Verify_Page_News_Page_Mobile_Preview_Cm" time="163.409" classname="com.desktopWeb.scripts.sprint1.TC_155_Verify_Page_News_Page_Mobile_Preview_Cm"/>
</testsuite> <!-- com.desktopWeb.scripts.sprint1.TC_155_Verify_Page_News_Page_Mobile_Preview_Cm -->
