<?xml version="1.0" encoding="UTF-8"?>
<!-- Generated by org.testng.reporters.JUnitReportReporter -->
<testsuite hostname="HW1315" name="com.desktopWeb.scripts.sprint1.TC_160_Verify_Page_News_Page_Version_NewPage_Cm" tests="1" failures="0" timestamp="5 Feb 2017 15:50:57 GMT" time="327.925" errors="0">
  <testcase name="TC160_Verify_Page_News_Page_Version_NewPage_Cm" time="327.925" classname="com.desktopWeb.scripts.sprint1.TC_160_Verify_Page_News_Page_Version_NewPage_Cm"/>
</testsuite> <!-- com.desktopWeb.scripts.sprint1.TC_160_Verify_Page_News_Page_Version_NewPage_Cm -->
