<?xml version="1.0" encoding="UTF-8"?>
<!-- Generated by org.testng.reporters.JUnitReportReporter -->
<testsuite hostname="HW1315" name="com.desktopWeb.scripts.sprint2.TC_172_Detail_Project_Dashboard_Project_Pa" tests="1" failures="0" timestamp="5 Feb 2017 15:55:51 GMT" time="165.565" errors="0">
  <testcase name="TC172_Detail_Project_Dashboard_Project_Pa" time="165.565" classname="com.desktopWeb.scripts.sprint2.TC_172_Detail_Project_Dashboard_Project_Pa"/>
</testsuite> <!-- com.desktopWeb.scripts.sprint2.TC_172_Detail_Project_Dashboard_Project_Pa -->
