<?xml version="1.0" encoding="UTF-8"?>
<!-- Generated by org.testng.reporters.JUnitReportReporter -->
<testsuite hostname="HW1315" name="com.desktopWeb.scripts.common.TC_04_ForgotPwdChangePwd_SiteAdmin" tests="1" failures="0" timestamp="4 Feb 2017 02:15:07 GMT" time="78.774" errors="0">
  <testcase name="TC04_ForgotPwdChangePwd_SiteAdmin" time="78.774" classname="com.desktopWeb.scripts.common.TC_04_ForgotPwdChangePwd_SiteAdmin"/>
</testsuite> <!-- com.desktopWeb.scripts.common.TC_04_ForgotPwdChangePwd_SiteAdmin -->
