<?xml version="1.0" encoding="UTF-8"?>
<!-- Generated by org.testng.reporters.JUnitReportReporter -->
<testsuite skipped="0" hostname="HW1315" name="com.desktopWeb.data.testing" tests="3" failures="0" timestamp="22 Nov 2016 04:26:26 GMT" time="0.037" errors="0">
  <testcase name="AssetfinanacingPropertyLoan" time="0.025" classname="com.desktopWeb.data.testing"/>
  <testcase name="WorkingCapitalLoansDBSECLoan" time="0.006" classname="com.desktopWeb.data.testing"/>
  <testcase name="WorkingCapitalLoansGovAssistedLoan" time="0.006" classname="com.desktopWeb.data.testing"/>
</testsuite> <!-- com.desktopWeb.data.testing -->
