<?xml version="1.0" encoding="UTF-8"?>
<!-- Generated by org.testng.reporters.JUnitReportReporter -->
<testsuite hostname="HW1315" name="com.desktopWeb.scripts.tools.TC_43_Add_Links" tests="1" failures="0" timestamp="4 Feb 2017 02:15:06 GMT" time="349.383" errors="0">
  <testcase name="TC43_Add_Links" time="349.383" classname="com.desktopWeb.scripts.tools.TC_43_Add_Links"/>
</testsuite> <!-- com.desktopWeb.scripts.tools.TC_43_Add_Links -->
