<?xml version="1.0" encoding="UTF-8"?>
<!-- Generated by org.testng.reporters.JUnitReportReporter -->
<testsuite hostname="HW1315" name="com.desktopWeb.scripts.sprint.TC_118_Design_Project_Sub_Page_Template_En" tests="1" failures="0" timestamp="1 Feb 2017 12:22:37 GMT" time="202.448" errors="0">
  <testcase name="TC118_Design_Project_Sub_Page_Template_en" time="202.448" classname="com.desktopWeb.scripts.sprint.TC_118_Design_Project_Sub_Page_Template_En"/>
</testsuite> <!-- com.desktopWeb.scripts.sprint.TC_118_Design_Project_Sub_Page_Template_En -->
