<?xml version="1.0" encoding="UTF-8"?>
<!-- Generated by org.testng.reporters.JUnitReportReporter -->
<testsuite hostname="HW1315" name="com.desktopWeb.scripts.page.TC_89_Verify_Page_News_Page_Mobile_Preview" tests="1" failures="0" timestamp="3 Feb 2017 12:42:47 GMT" time="199.246" errors="0">
  <testcase name="TC89_Verify_Page_News_Page_Mobile_Preview" time="199.246" classname="com.desktopWeb.scripts.page.TC_89_Verify_Page_News_Page_Mobile_Preview"/>
</testsuite> <!-- com.desktopWeb.scripts.page.TC_89_Verify_Page_News_Page_Mobile_Preview -->
