<?xml version="1.0" encoding="UTF-8"?>
<!-- Generated by org.testng.reporters.JUnitReportReporter -->
<testsuite hostname="HW1315" name="com.desktopWeb.scripts.page.TC_73_Verify_Project_Sub_Page_Version_Approve" tests="1" failures="0" timestamp="2 Feb 2017 20:12:24 GMT" time="138.369" errors="0">
  <testcase name="TC73_Verify_Project_Sub_Page_Version_Approve" time="138.369" classname="com.desktopWeb.scripts.page.TC_73_Verify_Project_Sub_Page_Version_Approve"/>
</testsuite> <!-- com.desktopWeb.scripts.page.TC_73_Verify_Project_Sub_Page_Version_Approve -->
