<?xml version="1.0" encoding="UTF-8"?>
<!-- Generated by org.testng.reporters.JUnitReportReporter -->
<testsuite hostname="HW1315" name="com.desktopWeb.scripts.dashboard.TC_99_Verify_Dashboard_Moderation_Recently_ApprovetoRefer" tests="1" failures="0" timestamp="4 Feb 2017 02:15:08 GMT" time="111.661" errors="0">
  <testcase name="TC99_Verify_Dashboard_Moderation_Recently_ApprovetoRefer" time="111.661" classname="com.desktopWeb.scripts.dashboard.TC_99_Verify_Dashboard_Moderation_Recently_ApprovetoRefer"/>
</testsuite> <!-- com.desktopWeb.scripts.dashboard.TC_99_Verify_Dashboard_Moderation_Recently_ApprovetoRefer -->
