<?xml version="1.0" encoding="UTF-8"?>
<!-- Generated by org.testng.reporters.JUnitReportReporter -->
<testsuite hostname="HW1315" name="com.desktopWeb.scripts.common.TC_09_ActiveConsultation_CommunityUser" tests="1" failures="0" timestamp="4 Feb 2017 02:15:08 GMT" time="65.606" errors="0">
  <testcase name="TC09_ActiveConsultation_CommunityUser" time="65.606" classname="com.desktopWeb.scripts.common.TC_09_ActiveConsultation_CommunityUser"/>
</testsuite> <!-- com.desktopWeb.scripts.common.TC_09_ActiveConsultation_CommunityUser -->
