<?xml version="1.0" encoding="UTF-8"?>
<!-- Generated by org.testng.reporters.JUnitReportReporter -->
<testsuite hostname="HW1315" name="com.desktopWeb.scripts.tools.TC_40_Add_Document_Library" tests="1" failures="0" timestamp="5 Feb 2017 10:53:12 GMT" time="306.366" errors="0">
  <testcase name="TC40_Add_Document_Library" time="306.366" classname="com.desktopWeb.scripts.tools.TC_40_Add_Document_Library"/>
</testsuite> <!-- com.desktopWeb.scripts.tools.TC_40_Add_Document_Library -->
