<?xml version="1.0" encoding="UTF-8"?>
<!-- Generated by org.testng.reporters.JUnitReportReporter -->
<testsuite hostname="HW1315" name="com.desktopWeb.scripts.tools.TC_44_Add_Timelines" tests="1" failures="0" timestamp="4 Feb 2017 17:07:32 GMT" time="189.297" errors="0">
  <testcase name="TC44_Add_Timelines" time="189.297" classname="com.desktopWeb.scripts.tools.TC_44_Add_Timelines"/>
</testsuite> <!-- com.desktopWeb.scripts.tools.TC_44_Add_Timelines -->
