<?xml version="1.0" encoding="UTF-8"?>
<!-- Generated by org.testng.reporters.JUnitReportReporter -->
<testsuite hostname="HW1315" name="com.desktopWeb.scripts.common.TC_10_ActiveConsultation_GuestUser" tests="1" failures="0" timestamp="4 Feb 2017 02:15:07 GMT" time="50.279" errors="0">
  <testcase name="TC10_ActiveConsultation_GuestUser" time="50.279" classname="com.desktopWeb.scripts.common.TC_10_ActiveConsultation_GuestUser"/>
</testsuite> <!-- com.desktopWeb.scripts.common.TC_10_ActiveConsultation_GuestUser -->
