<?xml version="1.0" encoding="UTF-8"?>
<!-- Generated by org.testng.reporters.JUnitReportReporter -->
<testsuite hostname="HW1315" name="com.desktopWeb.scripts.sprint.TC_161_Verify_Project_Sub_Page_Delete_Cm" tests="1" failures="0" timestamp="22 Jan 2017 09:52:44 GMT" time="83.057" errors="0">
  <testcase name="TC161_Verify_Project_Sub_Page_Delete_Cm" time="83.057" classname="com.desktopWeb.scripts.sprint.TC_161_Verify_Project_Sub_Page_Delete_Cm"/>
</testsuite> <!-- com.desktopWeb.scripts.sprint.TC_161_Verify_Project_Sub_Page_Delete_Cm -->
