<?xml version="1.0" encoding="UTF-8"?>
<!-- Generated by org.testng.reporters.JUnitReportReporter -->
<testsuite hostname="HW1315" name="com.desktopWeb.scripts.dashboard.TC_107_Create_New_Project_Dashboard_Project" tests="1" failures="0" timestamp="4 Feb 2017 02:15:07 GMT" time="285.549" errors="0">
  <testcase name="TC107_Create_New_Project_Dashboard_Project" time="285.549" classname="com.desktopWeb.scripts.dashboard.TC_107_Create_New_Project_Dashboard_Project"/>
</testsuite> <!-- com.desktopWeb.scripts.dashboard.TC_107_Create_New_Project_Dashboard_Project -->
