<?xml version="1.0" encoding="UTF-8"?>
<!-- Generated by org.testng.reporters.JUnitReportReporter -->
<testsuite hostname="HW1315" name="com.desktopWeb.scripts.dashboard.TC_105_Verify_Dashboard_Moderation_Refer_Approve" tests="1" failures="0" timestamp="6 Feb 2017 06:37:20 GMT" time="280.815" errors="0">
  <testcase name="TC105_Verify_Dashboard_Moderation_Refer_Approve" time="280.815" classname="com.desktopWeb.scripts.dashboard.TC_105_Verify_Dashboard_Moderation_Refer_Approve"/>
</testsuite> <!-- com.desktopWeb.scripts.dashboard.TC_105_Verify_Dashboard_Moderation_Refer_Approve -->
