<?xml version="1.0" encoding="UTF-8"?>
<!-- Generated by org.testng.reporters.JUnitReportReporter -->
<testsuite hostname="HW1315" name="com.desktopWeb.scripts.common.TC_08_ActiveConsultation_SiteAdmin" tests="1" failures="0" timestamp="4 Feb 2017 02:15:07 GMT" time="87.913" errors="0">
  <testcase name="TC08_ActiveConsultation_SiteAdmin" time="87.913" classname="com.desktopWeb.scripts.common.TC_08_ActiveConsultation_SiteAdmin"/>
</testsuite> <!-- com.desktopWeb.scripts.common.TC_08_ActiveConsultation_SiteAdmin -->
