<?xml version="1.0" encoding="UTF-8"?>
<!-- Generated by org.testng.reporters.JUnitReportReporter -->
<testsuite hostname="HW1315" name="com.desktopWeb.scripts.dashboard.TC_113_Verify_DashBoard_Result_Form_OpenPage" tests="1" failures="0" timestamp="4 Feb 2017 02:15:06 GMT" time="101.133" errors="0">
  <testcase name="TC113_Verify_DashBoard_Result_Form_OpenPage" time="101.133" classname="com.desktopWeb.scripts.dashboard.TC_113_Verify_DashBoard_Result_Form_OpenPage"/>
</testsuite> <!-- com.desktopWeb.scripts.dashboard.TC_113_Verify_DashBoard_Result_Form_OpenPage -->
