<?xml version="1.0" encoding="UTF-8"?>
<!-- Generated by org.testng.reporters.JUnitReportReporter -->
<testsuite hostname="HW1315" name="com.desktopWeb.scripts.tools.TC_19_Add_Content" tests="1" failures="0" timestamp="4 Feb 2017 02:15:07 GMT" time="170.654" errors="0">
  <testcase name="TC19_Add_Content" time="170.654" classname="com.desktopWeb.scripts.tools.TC_19_Add_Content"/>
</testsuite> <!-- com.desktopWeb.scripts.tools.TC_19_Add_Content -->
