<?xml version="1.0" encoding="UTF-8"?>
<!-- Generated by org.testng.reporters.JUnitReportReporter -->
<testsuite hostname="HW1315" name="com.desktopWeb.scripts.page.TC_76_Verify_Project_Sub_Page_Delete" tests="1" failures="0" timestamp="2 Feb 2017 20:12:23 GMT" time="121.898" errors="0">
  <testcase name="TC76_Verify_Project_Sub_Page_Delete" time="121.898" classname="com.desktopWeb.scripts.page.TC_76_Verify_Project_Sub_Page_Delete"/>
</testsuite> <!-- com.desktopWeb.scripts.page.TC_76_Verify_Project_Sub_Page_Delete -->
