<?xml version="1.0" encoding="UTF-8"?>
<!-- Generated by org.testng.reporters.JUnitReportReporter -->
<testsuite hostname="HW1315" name="com.desktopWeb.scripts.sprint.TC_117_Detail_Project_Sub_Page_Project_En" tests="1" failures="0" timestamp="1 Feb 2017 12:59:43 GMT" time="142.591" errors="0">
  <testcase name="TC117_Detail_Project_Sub_Page_Project_En" time="142.591" classname="com.desktopWeb.scripts.sprint.TC_117_Detail_Project_Sub_Page_Project_En"/>
</testsuite> <!-- com.desktopWeb.scripts.sprint.TC_117_Detail_Project_Sub_Page_Project_En -->
