<?xml version="1.0" encoding="UTF-8"?>
<!-- Generated by org.testng.reporters.JUnitReportReporter -->
<testsuite hostname="HW1315" name="com.desktopWeb.scripts.sprint2.TC_173_Detail_Project_Dashboard_Project_SiteAdmin" tests="1" failures="0" timestamp="4 Feb 2017 02:15:05 GMT" time="117.888" errors="0">
  <testcase name="TC173_Detail_Project_Dashboard_Project_SiteAdmin" time="117.888" classname="com.desktopWeb.scripts.sprint2.TC_173_Detail_Project_Dashboard_Project_SiteAdmin"/>
</testsuite> <!-- com.desktopWeb.scripts.sprint2.TC_173_Detail_Project_Dashboard_Project_SiteAdmin -->
