<?xml version="1.0" encoding="UTF-8"?>
<!-- Generated by org.testng.reporters.JUnitReportReporter -->
<testsuite hostname="HW1315" name="com.desktopWeb.scripts.tools.TC_46_Add_News_Feed" tests="1" failures="0" timestamp="4 Feb 2017 02:15:07 GMT" time="216.554" errors="0">
  <testcase name="TC46_Add_News_Feed" time="216.554" classname="com.desktopWeb.scripts.tools.TC_46_Add_News_Feed"/>
</testsuite> <!-- com.desktopWeb.scripts.tools.TC_46_Add_News_Feed -->
