<?xml version="1.0" encoding="UTF-8"?>
<!-- Generated by org.testng.reporters.JUnitReportReporter -->
<testsuite hostname="HW1315" name="com.desktopWeb.scripts.sprint1.TC_146_Verify_Page_News_Page_Delete_En" tests="1" failures="0" timestamp="3 Feb 2017 12:42:49 GMT" time="274.578" errors="0">
  <testcase name="TC146_Verify_Page_News_Page_Delete_En" time="274.578" classname="com.desktopWeb.scripts.sprint1.TC_146_Verify_Page_News_Page_Delete_En"/>
</testsuite> <!-- com.desktopWeb.scripts.sprint1.TC_146_Verify_Page_News_Page_Delete_En -->
