<?xml version="1.0" encoding="UTF-8"?>
<!-- Generated by org.testng.reporters.JUnitReportReporter -->
<testsuite hostname="HW1315" name="com.desktopWeb.scripts.addUpdate.TC_64_Verify_Update_Version_Approve" tests="1" failures="0" timestamp="2 Feb 2017 20:12:24 GMT" time="124.851" errors="0">
  <testcase name="TC64_Verify_Update_Version_Approve" time="124.851" classname="com.desktopWeb.scripts.addUpdate.TC_64_Verify_Update_Version_Approve"/>
</testsuite> <!-- com.desktopWeb.scripts.addUpdate.TC_64_Verify_Update_Version_Approve -->
