<?xml version="1.0" encoding="UTF-8"?>
<!-- Generated by org.testng.reporters.JUnitReportReporter -->
<testsuite hostname="HW1315" name="com.desktopWeb.scripts.page.TC_70_Design_Project_Sub_Page_Template" tests="1" failures="0" timestamp="2 Feb 2017 20:12:23 GMT" time="189.700" errors="0">
  <testcase name="TC70_Design_Project_Sub_Page_Template" time="189.700" classname="com.desktopWeb.scripts.page.TC_70_Design_Project_Sub_Page_Template"/>
</testsuite> <!-- com.desktopWeb.scripts.page.TC_70_Design_Project_Sub_Page_Template -->
