<?xml version="1.0" encoding="UTF-8"?>
<!-- Generated by org.testng.reporters.JUnitReportReporter -->
<testsuite hostname="HW1315" name="com.desktopWeb.scripts.dashboard.TC_102_Verify_Dashboard_Moderation_Recently_RejecttoApprove" tests="1" failures="0" timestamp="4 Feb 2017 02:15:07 GMT" time="133.712" errors="0">
  <testcase name="TC102_Verify_Dashboard_Moderation_Recently_RejecttoApprove" time="133.712" classname="com.desktopWeb.scripts.dashboard.TC_102_Verify_Dashboard_Moderation_Recently_RejecttoApprove"/>
</testsuite> <!-- com.desktopWeb.scripts.dashboard.TC_102_Verify_Dashboard_Moderation_Recently_RejecttoApprove -->
