<?xml version="1.0" encoding="UTF-8"?>
<!-- Generated by org.testng.reporters.JUnitReportReporter -->
<testsuite hostname="HW1315" name="com.desktopWeb.scripts.sprint1.TC_128_Verify_Project_Sub_Page_Version_Duplicate_Cm" tests="1" failures="0" timestamp="4 Feb 2017 14:06:11 GMT" time="263.223" errors="0">
  <testcase name="TC128_Verify_Project_Sub_Page_Version_Duplicate_Cm" time="263.223" classname="com.desktopWeb.scripts.sprint1.TC_128_Verify_Project_Sub_Page_Version_Duplicate_Cm"/>
</testsuite> <!-- com.desktopWeb.scripts.sprint1.TC_128_Verify_Project_Sub_Page_Version_Duplicate_Cm -->
