<?xml version="1.0" encoding="UTF-8"?>
<!-- Generated by org.testng.reporters.JUnitReportReporter -->
<testsuite hostname="HW1315" name="com.desktopWeb.scripts.sprint1.TC_124_Verify_Project_Sub_Page_Delete_En" tests="1" failures="0" timestamp="3 Feb 2017 12:42:45 GMT" time="115.567" errors="0">
  <testcase name="TC124_Verify_Project_Sub_Page_Delete_En" time="115.567" classname="com.desktopWeb.scripts.sprint1.TC_124_Verify_Project_Sub_Page_Delete_En"/>
</testsuite> <!-- com.desktopWeb.scripts.sprint1.TC_124_Verify_Project_Sub_Page_Delete_En -->
