<?xml version="1.0" encoding="UTF-8"?>
<!-- Generated by org.testng.reporters.JUnitReportReporter -->
<testsuite hostname="HW1315" name="com.desktopWeb.scripts.addUpdate.TC_67_Verify_Update_Version_Duplicate" tests="1" failures="0" timestamp="3 Feb 2017 12:42:50 GMT" time="116.193" errors="0">
  <testcase name="TC67_Verify_Update_Version_Duplicate" time="116.193" classname="com.desktopWeb.scripts.addUpdate.TC_67_Verify_Update_Version_Duplicate"/>
</testsuite> <!-- com.desktopWeb.scripts.addUpdate.TC_67_Verify_Update_Version_Duplicate -->
