<?xml version="1.0" encoding="UTF-8"?>
<!-- Generated by org.testng.reporters.JUnitReportReporter -->
<testsuite hostname="HW1315" name="com.desktopWeb.scripts.sprint1.TC_150_Design_Page_News_Page_Template_En" tests="1" failures="0" timestamp="3 Feb 2017 12:42:48 GMT" time="250.124" errors="0">
  <testcase name="TC150_Design_Page_News_Page_Template_En" time="250.124" classname="com.desktopWeb.scripts.sprint1.TC_150_Design_Page_News_Page_Template_En"/>
</testsuite> <!-- com.desktopWeb.scripts.sprint1.TC_150_Design_Page_News_Page_Template_En -->
