<?xml version="1.0" encoding="UTF-8"?>
<!-- Generated by org.testng.reporters.JUnitReportReporter -->
<testsuite hostname="HW1315" name="com.desktopWeb.scripts.tools.TC_22_Add_Heading" tests="1" failures="0" timestamp="4 Feb 2017 02:15:07 GMT" time="179.004" errors="0">
  <testcase name="TC22_Add_Heading" time="179.004" classname="com.desktopWeb.scripts.tools.TC_22_Add_Heading"/>
</testsuite> <!-- com.desktopWeb.scripts.tools.TC_22_Add_Heading -->
