<?xml version="1.0" encoding="UTF-8"?>
<!-- Generated by org.testng.reporters.JUnitReportReporter -->
<testsuite hostname="HW1315" name="com.desktopWeb.scripts.sprint1.TC_133_Verify_Project_Sub_Page_Mobile_Preview_Cm" tests="1" failures="0" timestamp="3 Feb 2017 12:42:48 GMT" time="123.867" errors="0">
  <testcase name="TC133_Verify_Project_Sub_Page_Mobile_Preview_Cm" time="123.867" classname="com.desktopWeb.scripts.sprint1.TC_133_Verify_Project_Sub_Page_Mobile_Preview_Cm"/>
</testsuite> <!-- com.desktopWeb.scripts.sprint1.TC_133_Verify_Project_Sub_Page_Mobile_Preview_Cm -->
