<?xml version="1.0" encoding="UTF-8"?>
<!-- Generated by org.testng.reporters.JUnitReportReporter -->
<testsuite hostname="HW1315" name="com.desktopWeb.scripts.sprint1.TC_119_SEO_Project_Sub_Page_Name_En" tests="1" failures="0" timestamp="2 Feb 2017 20:12:22 GMT" time="155.951" errors="0">
  <testcase name="TC119_SEO_Project_Sub_Page_Name_En" time="155.951" classname="com.desktopWeb.scripts.sprint1.TC_119_SEO_Project_Sub_Page_Name_En"/>
</testsuite> <!-- com.desktopWeb.scripts.sprint1.TC_119_SEO_Project_Sub_Page_Name_En -->
