<?xml version="1.0" encoding="UTF-8"?>
<!-- Generated by org.testng.reporters.JUnitReportReporter -->
<testsuite hostname="HW1315" name="com.desktopWeb.scripts.dashboard.TC_101_Verify_Dashboard_Moderation_Recently_ApprovetoApprove" tests="1" failures="0" timestamp="4 Feb 2017 02:15:04 GMT" time="113.955" errors="0">
  <testcase name="TC101_Verify_Dashboard_Moderation_Recently_ApprovetoApprove" time="113.955" classname="com.desktopWeb.scripts.dashboard.TC_101_Verify_Dashboard_Moderation_Recently_ApprovetoApprove"/>
</testsuite> <!-- com.desktopWeb.scripts.dashboard.TC_101_Verify_Dashboard_Moderation_Recently_ApprovetoApprove -->
