<?xml version="1.0" encoding="UTF-8"?>
<!-- Generated by org.testng.reporters.JUnitReportReporter -->
<testsuite hostname="HW1315" name="com.desktopWeb.scripts.dashboard.TC_97_Verify_Dashboard_Moderation_Awaiting_Reject" tests="1" failures="0" timestamp="4 Feb 2017 02:15:07 GMT" time="154.486" errors="0">
  <testcase name="TC97_Verify_Dashboard_Moderation_Awaiting_Reject" time="154.486" classname="com.desktopWeb.scripts.dashboard.TC_97_Verify_Dashboard_Moderation_Awaiting_Reject"/>
</testsuite> <!-- com.desktopWeb.scripts.dashboard.TC_97_Verify_Dashboard_Moderation_Awaiting_Reject -->
