<?xml version="1.0" encoding="UTF-8"?>
<!-- Generated by org.testng.reporters.JUnitReportReporter -->
<testsuite hostname="HW1315" name="com.desktopWeb.scripts.dashboard.TC_110_Verify_Dashboard_Create_Community_User" tests="1" failures="0" timestamp="4 Feb 2017 02:15:08 GMT" time="139.281" errors="0">
  <testcase name="TC110_Verify_Dashboard_Create_Community_User" time="139.281" classname="com.desktopWeb.scripts.dashboard.TC_110_Verify_Dashboard_Create_Community_User"/>
</testsuite> <!-- com.desktopWeb.scripts.dashboard.TC_110_Verify_Dashboard_Create_Community_User -->
