<?xml version="1.0" encoding="UTF-8"?>
<!-- Generated by org.testng.reporters.JUnitReportReporter -->
<testsuite hostname="HW1315" name="com.desktopWeb.scripts.page.TC_91_Location_Page_News_Page_Location" tests="1" failures="0" timestamp="3 Feb 2017 12:42:49 GMT" time="250.060" errors="0">
  <testcase name="TC91_Location_Page_News_Page_Location" time="250.060" classname="com.desktopWeb.scripts.page.TC_91_Location_Page_News_Page_Location"/>
</testsuite> <!-- com.desktopWeb.scripts.page.TC_91_Location_Page_News_Page_Location -->
