<?xml version="1.0" encoding="UTF-8"?>
<!-- Generated by org.testng.reporters.JUnitReportReporter -->
<testsuite hostname="HW1315" name="com.desktopWeb.scripts.page.TC_83_Design_Site_Sub_Page_Template" tests="1" failures="0" timestamp="3 Feb 2017 12:42:49 GMT" time="203.436" errors="0">
  <testcase name="TC83_Design_Site_Sub_Page_Template" time="203.436" classname="com.desktopWeb.scripts.page.TC_83_Design_Site_Sub_Page_Template"/>
</testsuite> <!-- com.desktopWeb.scripts.page.TC_83_Design_Site_Sub_Page_Template -->
