<?xml version="1.0" encoding="UTF-8"?>
<!-- Generated by org.testng.reporters.JUnitReportReporter -->
<testsuite hostname="HW1315" name="com.desktopWeb.scripts.common.TC_17_Contactus_CommunityUser" tests="1" failures="0" timestamp="4 Feb 2017 02:15:06 GMT" time="89.102" errors="0">
  <testcase name="TC17_Contactus_CommunityUser" time="89.102" classname="com.desktopWeb.scripts.common.TC_17_Contactus_CommunityUser"/>
</testsuite> <!-- com.desktopWeb.scripts.common.TC_17_Contactus_CommunityUser -->
