<?xml version="1.0" encoding="UTF-8"?>
<!-- Generated by org.testng.reporters.JUnitReportReporter -->
<testsuite hostname="HW1315" name="com.desktopWeb.scripts.sprint1.TC_136_WCCP_450_Verify_View_Project_Pa" tests="1" failures="0" timestamp="3 Feb 2017 12:42:49 GMT" time="83.524" errors="0">
  <testcase name="TC125_WCCP_450_Verify_View_Project_En" time="83.524" classname="com.desktopWeb.scripts.sprint1.TC_136_WCCP_450_Verify_View_Project_Pa"/>
</testsuite> <!-- com.desktopWeb.scripts.sprint1.TC_136_WCCP_450_Verify_View_Project_Pa -->
