<?xml version="1.0" encoding="UTF-8"?>
<!-- Generated by org.testng.reporters.JUnitReportReporter -->
<testsuite hostname="HW1315" name="com.desktopWeb.scripts.page.TC_78_Verify_Site_Sub_Page_Version_Duplicate" tests="1" failures="0" timestamp="3 Feb 2017 12:42:48 GMT" time="142.723" errors="0">
  <testcase name="TC78_Verify_Site_Sub_Page_Version_Duplicate" time="142.723" classname="com.desktopWeb.scripts.page.TC_78_Verify_Site_Sub_Page_Version_Duplicate"/>
</testsuite> <!-- com.desktopWeb.scripts.page.TC_78_Verify_Site_Sub_Page_Version_Duplicate -->
