<?xml version="1.0" encoding="UTF-8"?>
<!-- Generated by org.testng.reporters.JUnitReportReporter -->
<testsuite hostname="HW1315" name="com.desktopWeb.scripts.tools.TC_29_Add_Image_Gallary" tests="1" failures="0" timestamp="4 Feb 2017 17:28:35 GMT" time="301.622" errors="0">
  <testcase name="TC29_Add_Image_Gallary" time="301.622" classname="com.desktopWeb.scripts.tools.TC_29_Add_Image_Gallary"/>
</testsuite> <!-- com.desktopWeb.scripts.tools.TC_29_Add_Image_Gallary -->
