<?xml version="1.0" encoding="UTF-8"?>
<!-- Generated by org.testng.reporters.JUnitReportReporter -->
<testsuite hostname="HW1315" name="com.desktopWeb.scripts.page.TC_92_Verify_Page_News_Page_Version_Approve" tests="1" failures="0" timestamp="3 Feb 2017 12:42:48 GMT" time="238.023" errors="0">
  <testcase name="TC92_Verify_Page_News_Page_Version_Approve" time="238.023" classname="com.desktopWeb.scripts.page.TC_92_Verify_Page_News_Page_Version_Approve"/>
</testsuite> <!-- com.desktopWeb.scripts.page.TC_92_Verify_Page_News_Page_Version_Approve -->
