<?xml version="1.0" encoding="UTF-8"?>
<!-- Generated by org.testng.reporters.JUnitReportReporter -->
<testsuite hostname="HW1315" name="com.desktopWeb.scripts.page.TC_94_Verify_Page_Sitemap_Links" tests="1" failures="0" timestamp="5 Feb 2017 14:04:47 GMT" time="1084.565" errors="0">
  <testcase name="TC94_Verify_Page_Sitemap_Links" time="1084.565" classname="com.desktopWeb.scripts.page.TC_94_Verify_Page_Sitemap_Links"/>
</testsuite> <!-- com.desktopWeb.scripts.page.TC_94_Verify_Page_Sitemap_Links -->
