<?xml version="1.0" encoding="UTF-8"?>
<!-- Generated by org.testng.reporters.JUnitReportReporter -->
<testsuite hostname="HW1315" name="com.desktopWeb.scripts.page.TC_86_Verify_Page_News_Page_Delete" tests="1" failures="0" timestamp="3 Feb 2017 12:42:50 GMT" time="189.643" errors="0">
  <testcase name="TC86_Verify_Page_News_Page_Delete" time="189.643" classname="com.desktopWeb.scripts.page.TC_86_Verify_Page_News_Page_Delete"/>
</testsuite> <!-- com.desktopWeb.scripts.page.TC_86_Verify_Page_News_Page_Delete -->
