<?xml version="1.0" encoding="UTF-8"?>
<!-- Generated by org.testng.reporters.JUnitReportReporter -->
<testsuite hostname="HW1315" name="com.desktopWeb.scripts.page.TC_87_SEO_Page_News_Page_Name" tests="1" failures="0" timestamp="5 Feb 2017 12:59:06 GMT" time="444.029" errors="0">
  <testcase name="TC87_SEO_Page_News_Page_Name" time="444.029" classname="com.desktopWeb.scripts.page.TC_87_SEO_Page_News_Page_Name"/>
</testsuite> <!-- com.desktopWeb.scripts.page.TC_87_SEO_Page_News_Page_Name -->
