<?xml version="1.0" encoding="UTF-8"?>
<!-- Generated by org.testng.reporters.JUnitReportReporter -->
<testsuite hostname="HW1315" name="com.desktopWeb.scripts.common.TC_03_CommonChecks_HomePage_HamburgerMenu_Login_Signout_GuestUser" tests="1" failures="0" timestamp="4 Feb 2017 02:15:05 GMT" time="268.719" errors="0">
  <testcase name="TC03_CommonChecks_HomePage_HambergerMenu_Login_Signout_GuestUser" time="268.719" classname="com.desktopWeb.scripts.common.TC_03_CommonChecks_HomePage_HamburgerMenu_Login_Signout_GuestUser"/>
</testsuite> <!-- com.desktopWeb.scripts.common.TC_03_CommonChecks_HomePage_HamburgerMenu_Login_Signout_GuestUser -->
