<?xml version="1.0" encoding="UTF-8"?>
<!-- Generated by org.testng.reporters.JUnitReportReporter -->
<testsuite hostname="HW1315" name="com.desktopWeb.scripts.tools.TC_39_Add_Forum" tests="1" failures="0" timestamp="4 Feb 2017 02:15:08 GMT" time="177.597" errors="0">
  <testcase name="TC39_Add_Forum" time="177.597" classname="com.desktopWeb.scripts.tools.TC_39_Add_Forum"/>
</testsuite> <!-- com.desktopWeb.scripts.tools.TC_39_Add_Forum -->
