<?xml version="1.0" encoding="UTF-8"?>
<!-- Generated by org.testng.reporters.JUnitReportReporter -->
<testsuite hostname="HW1315" name="com.desktopWeb.scripts.sprint1.TC_126_Verify_Project_Sub_Page_Version_NewPage_Cm" tests="1" failures="0" timestamp="5 Feb 2017 14:43:13 GMT" time="284.126" errors="0">
  <testcase name="TC126_Verify_Project_Sub_Page_Version_NewPage_Cm" time="284.126" classname="com.desktopWeb.scripts.sprint1.TC_126_Verify_Project_Sub_Page_Version_NewPage_Cm"/>
</testsuite> <!-- com.desktopWeb.scripts.sprint1.TC_126_Verify_Project_Sub_Page_Version_NewPage_Cm -->
