<?xml version="1.0" encoding="UTF-8"?>
<!-- Generated by org.testng.reporters.JUnitReportReporter -->
<testsuite hostname="HW1315" name="com.desktopWeb.scripts.sprint1.TC_118_Design_Project_Sub_Page_Template_En" tests="1" failures="0" timestamp="2 Feb 2017 20:12:23 GMT" time="133.579" errors="0">
  <testcase name="TC118_Design_Project_Sub_Page_Template_en" time="133.579" classname="com.desktopWeb.scripts.sprint1.TC_118_Design_Project_Sub_Page_Template_En"/>
</testsuite> <!-- com.desktopWeb.scripts.sprint1.TC_118_Design_Project_Sub_Page_Template_En -->
