<?xml version="1.0" encoding="UTF-8"?>
<!-- Generated by org.testng.reporters.JUnitReportReporter -->
<testsuite hostname="HW1315" name="com.desktopWeb.scripts.sprint1.TC_122_Verify_Project_Sub_Page_Version_NewPage_En" tests="1" failures="0" timestamp="4 Feb 2017 02:15:05 GMT" time="160.332" errors="0">
  <testcase name="TC122_Verify_Project_Sub_Page_Version_NewPage_En" time="160.332" classname="com.desktopWeb.scripts.sprint1.TC_122_Verify_Project_Sub_Page_Version_NewPage_En"/>
</testsuite> <!-- com.desktopWeb.scripts.sprint1.TC_122_Verify_Project_Sub_Page_Version_NewPage_En -->
