<?xml version="1.0" encoding="UTF-8"?>
<!-- Generated by org.testng.reporters.JUnitReportReporter -->
<testsuite hostname="HW1315" name="com.desktopWeb.scripts.sprint1.TC_153_Verify_Page_News_Page_Version_NewPage_En" tests="1" failures="0" timestamp="4 Feb 2017 02:15:05 GMT" time="251.447" errors="0">
  <testcase name="TC153_Verify_Page_News_Page_Version_NewPage_En" time="251.447" classname="com.desktopWeb.scripts.sprint1.TC_153_Verify_Page_News_Page_Version_NewPage_En"/>
</testsuite> <!-- com.desktopWeb.scripts.sprint1.TC_153_Verify_Page_News_Page_Version_NewPage_En -->
