<?xml version="1.0" encoding="UTF-8"?>
<!-- Generated by org.testng.reporters.JUnitReportReporter -->
<testsuite hostname="HW1315" name="com.desktopWeb.scripts.sprint.TC_147_SEO_Page_News_Page_Name_En" tests="1" failures="0" timestamp="1 Feb 2017 14:29:28 GMT" time="784.396" errors="0">
  <testcase name="TC147_SEO_Page_News_Page_Name_En" time="784.396" classname="com.desktopWeb.scripts.sprint.TC_147_SEO_Page_News_Page_Name_En"/>
</testsuite> <!-- com.desktopWeb.scripts.sprint.TC_147_SEO_Page_News_Page_Name_En -->
