<?xml version="1.0" encoding="UTF-8"?>
<!-- Generated by org.testng.reporters.JUnitReportReporter -->
<testsuite hostname="HW1315" name="com.desktopWeb.scripts.page.TC_93_Detail_Page_News_Page_Project" tests="1" failures="0" timestamp="5 Feb 2017 13:22:27 GMT" time="332.692" errors="0">
  <testcase name="TC93_Detail_Page_News_Page_Project" time="332.692" classname="com.desktopWeb.scripts.page.TC_93_Detail_Page_News_Page_Project"/>
</testsuite> <!-- com.desktopWeb.scripts.page.TC_93_Detail_Page_News_Page_Project -->
