<?xml version="1.0" encoding="UTF-8"?>
<!-- Generated by org.testng.reporters.JUnitReportReporter -->
<testsuite hostname="HW1315" name="com.desktopWeb.scripts.tools.TC_34_Add_Quick_Poll" tests="1" failures="0" timestamp="5 Feb 2017 10:22:52 GMT" time="443.583" errors="0">
  <testcase name="TC34_Add_Quick_Poll" time="443.583" classname="com.desktopWeb.scripts.tools.TC_34_Add_Quick_Poll"/>
</testsuite> <!-- com.desktopWeb.scripts.tools.TC_34_Add_Quick_Poll -->
