<?xml version="1.0" encoding="UTF-8"?>
<!-- Generated by org.testng.reporters.JUnitReportReporter -->
<testsuite hostname="HW1315" name="com.desktopWeb.scripts.page.TC_90_Design_Page_News_Page_Template" tests="1" failures="0" timestamp="5 Feb 2017 13:08:28 GMT" time="368.270" errors="0">
  <testcase name="TC90_Design_Page_News_Page_Template" time="368.270" classname="com.desktopWeb.scripts.page.TC_90_Design_Page_News_Page_Template"/>
</testsuite> <!-- com.desktopWeb.scripts.page.TC_90_Design_Page_News_Page_Template -->
