<?xml version="1.0" encoding="UTF-8"?>
<!-- Generated by org.testng.reporters.JUnitReportReporter -->
<testsuite hostname="HW1315" name="com.desktopWeb.scripts.sprint1.TC_142_Verify_Project_Sub_Page_Mobile_Preview_Pa" tests="1" failures="0" timestamp="3 Feb 2017 12:42:46 GMT" time="120.901" errors="0">
  <testcase name="TC142_Verify_Project_Sub_Page_Mobile_Preview_Pa" time="120.901" classname="com.desktopWeb.scripts.sprint1.TC_142_Verify_Project_Sub_Page_Mobile_Preview_Pa"/>
</testsuite> <!-- com.desktopWeb.scripts.sprint1.TC_142_Verify_Project_Sub_Page_Mobile_Preview_Pa -->
