<?xml version="1.0" encoding="UTF-8"?>
<!-- Generated by org.testng.reporters.JUnitReportReporter -->
<testsuite hostname="HW1315" name="com.desktopWeb.scripts.setting.TC_65_Verify_Setting_Version_Approve" tests="1" failures="0" timestamp="4 Feb 2017 13:21:01 GMT" time="207.510" errors="0">
  <testcase name="TC65_Verify_Setting_Version_Approve" time="207.510" classname="com.desktopWeb.scripts.setting.TC_65_Verify_Setting_Version_Approve"/>
</testsuite> <!-- com.desktopWeb.scripts.setting.TC_65_Verify_Setting_Version_Approve -->
