<?xml version="1.0" encoding="UTF-8"?>
<!-- Generated by org.testng.reporters.JUnitReportReporter -->
<testsuite hostname="HW1315" name="com.desktopWeb.scripts.tools.TC_33_Add_Form" tests="1" failures="0" timestamp="4 Feb 2017 02:15:06 GMT" time="209.070" errors="0">
  <testcase name="TC33_Add_Form" time="209.070" classname="com.desktopWeb.scripts.tools.TC_33_Add_Form"/>
</testsuite> <!-- com.desktopWeb.scripts.tools.TC_33_Add_Form -->
