<?xml version="1.0" encoding="UTF-8"?>
<!-- Generated by org.testng.reporters.JUnitReportReporter -->
<testsuite hostname="HW1315" name="com.desktopWeb.scripts.addUpdate.TC_63_Verify_Update_Delete" tests="1" failures="0" timestamp="2 Feb 2017 20:12:24 GMT" time="105.381" errors="0">
  <testcase name="TC63_Verify_Update_Delete" time="105.381" classname="com.desktopWeb.scripts.addUpdate.TC_63_Verify_Update_Delete"/>
</testsuite> <!-- com.desktopWeb.scripts.addUpdate.TC_63_Verify_Update_Delete -->
