<?xml version="1.0" encoding="UTF-8"?>
<!-- Generated by org.testng.reporters.JUnitReportReporter -->
<testsuite hostname="HW1315" name="com.desktopWeb.scripts.sprint1.TC_158_Location_Page_News_Page_Location_Cm" tests="1" failures="0" timestamp="3 Feb 2017 12:42:47 GMT" time="252.370" errors="0">
  <testcase name="TC158_Location_Page_News_Page_Location_Cm" time="252.370" classname="com.desktopWeb.scripts.sprint1.TC_158_Location_Page_News_Page_Location_Cm"/>
</testsuite> <!-- com.desktopWeb.scripts.sprint1.TC_158_Location_Page_News_Page_Location_Cm -->
