<?xml version="1.0" encoding="UTF-8"?>
<!-- Generated by org.testng.reporters.JUnitReportReporter -->
<testsuite hostname="HW1315" name="com.desktopWeb.scripts.setting.TC_57_Detail_Setting_Project_Desc" tests="1" failures="0" timestamp="5 Feb 2017 12:19:54 GMT" time="151.344" errors="0">
  <testcase name="TC57_Detail_Setting_Project_Desc" time="151.344" classname="com.desktopWeb.scripts.setting.TC_57_Detail_Setting_Project_Desc"/>
</testsuite> <!-- com.desktopWeb.scripts.setting.TC_57_Detail_Setting_Project_Desc -->
