<?xml version="1.0" encoding="UTF-8"?>
<!-- Generated by org.testng.reporters.JUnitReportReporter -->
<testsuite hostname="HW1315" name="com.desktopWeb.scripts.sprint1.TC_114_WCCP_451_Verify_View_Edit_Draft_Page" tests="1" failures="0" timestamp="2 Feb 2017 20:12:23 GMT" time="158.576" errors="0">
  <testcase name="TC114_WCCP_451_Verify_View_Edit_Draft_Page" time="158.576" classname="com.desktopWeb.scripts.sprint1.TC_114_WCCP_451_Verify_View_Edit_Draft_Page"/>
</testsuite> <!-- com.desktopWeb.scripts.sprint1.TC_114_WCCP_451_Verify_View_Edit_Draft_Page -->
