<?xml version="1.0" encoding="UTF-8"?>
<!-- Generated by org.testng.reporters.JUnitReportReporter -->
<testsuite hostname="HW1315" name="com.desktopWeb.scripts.common.TC_16_Contactus_SiteAdmin" tests="1" failures="0" timestamp="4 Feb 2017 02:15:05 GMT" time="110.038" errors="0">
  <testcase name="TC16_Contactus_SiteAdmin" time="110.038" classname="com.desktopWeb.scripts.common.TC_16_Contactus_SiteAdmin"/>
</testsuite> <!-- com.desktopWeb.scripts.common.TC_16_Contactus_SiteAdmin -->
