<?xml version="1.0" encoding="UTF-8"?>
<!-- Generated by org.testng.reporters.JUnitReportReporter -->
<testsuite hostname="HW1315" name="com.desktopWeb.scripts.tools.TC_42_Add_Key_Dates" tests="1" failures="0" timestamp="4 Feb 2017 02:15:08 GMT" time="194.486" errors="0">
  <testcase name="TC42_Add_Key_Dates" time="194.486" classname="com.desktopWeb.scripts.tools.TC_42_Add_Key_Dates"/>
</testsuite> <!-- com.desktopWeb.scripts.tools.TC_42_Add_Key_Dates -->
