<?xml version="1.0" encoding="UTF-8"?>
<!-- Generated by org.testng.reporters.JUnitReportReporter -->
<testsuite hostname="HW1315" name="com.desktopWeb.scripts.setting.TC_61_Verify_Setting_Mobile_Preview" tests="1" failures="0" timestamp="5 Feb 2017 12:37:53 GMT" time="153.040" errors="0">
  <testcase name="TC61_Verify_Setting_Mobile_Preview" time="153.040" classname="com.desktopWeb.scripts.setting.TC_61_Verify_Setting_Mobile_Preview"/>
</testsuite> <!-- com.desktopWeb.scripts.setting.TC_61_Verify_Setting_Mobile_Preview -->
