<?xml version="1.0" encoding="UTF-8"?>
<!-- Generated by org.testng.reporters.JUnitReportReporter -->
<testsuite hostname="HW1315" name="com.desktopWeb.scripts.page.TC_69_Detail_Project_Sub_Page_Project" tests="1" failures="0" timestamp="2 Feb 2017 20:12:23 GMT" time="242.916" errors="0">
  <testcase name="TC69_Detail_Project_Sub_Page_Project" time="242.916" classname="com.desktopWeb.scripts.page.TC_69_Detail_Project_Sub_Page_Project"/>
</testsuite> <!-- com.desktopWeb.scripts.page.TC_69_Detail_Project_Sub_Page_Project -->
