<?xml version="1.0" encoding="UTF-8"?>
<!-- Generated by org.testng.reporters.JUnitReportReporter -->
<testsuite hostname="HW1315" name="com.desktopWeb.scripts.sprint1.TC_145_Detail_Page_News_Page_Project_En" tests="1" failures="0" timestamp="5 Feb 2017 15:03:50 GMT" time="311.358" errors="0">
  <testcase name="TC145_Detail_Page_News_Page_Project_En" time="311.358" classname="com.desktopWeb.scripts.sprint1.TC_145_Detail_Page_News_Page_Project_En"/>
</testsuite> <!-- com.desktopWeb.scripts.sprint1.TC_145_Detail_Page_News_Page_Project_En -->
