<?xml version="1.0" encoding="UTF-8"?>
<!-- Generated by org.testng.reporters.JUnitReportReporter -->
<testsuite hostname="HW1315" name="com.desktopWeb.scripts.addUpdate.TC_56_Verify_Update_Mobile_Preview" tests="1" failures="0" timestamp="5 Feb 2017 12:09:32 GMT" time="174.636" errors="0">
  <testcase name="TC56_Verify_Mobile_Preview" time="174.636" classname="com.desktopWeb.scripts.addUpdate.TC_56_Verify_Update_Mobile_Preview"/>
</testsuite> <!-- com.desktopWeb.scripts.addUpdate.TC_56_Verify_Update_Mobile_Preview -->
