<?xml version="1.0" encoding="UTF-8"?>
<!-- Generated by org.testng.reporters.JUnitReportReporter -->
<testsuite hostname="HW1315" name="com.desktopWeb.scripts.common.TC_01_CommonChecks_HomePage_HambergerMenu_Login_Signout_SiteAdmin" tests="1" failures="0" timestamp="15 Jan 2017 18:22:23 GMT" time="239.889" errors="0">
  <testcase name="TC01_CommonChecks_HomePage_HambergerMenu_Login_Signout_SiteAdmin" time="239.889" classname="com.desktopWeb.scripts.common.TC_01_CommonChecks_HomePage_HambergerMenu_Login_Signout_SiteAdmin"/>
</testsuite> <!-- com.desktopWeb.scripts.common.TC_01_CommonChecks_HomePage_HambergerMenu_Login_Signout_SiteAdmin -->
