<?xml version="1.0" encoding="UTF-8"?>
<!-- Generated by org.testng.reporters.JUnitReportReporter -->
<testsuite hostname="HW1315" name="com.desktopWeb.scripts.tools.TC_31_Add_Video" tests="1" failures="0" timestamp="4 Feb 2017 02:15:06 GMT" time="254.063" errors="0">
  <testcase name="TC31_Add_Video" time="254.063" classname="com.desktopWeb.scripts.tools.TC_31_Add_Video"/>
</testsuite> <!-- com.desktopWeb.scripts.tools.TC_31_Add_Video -->
