<?xml version="1.0" encoding="UTF-8"?>
<!-- Generated by org.testng.reporters.JUnitReportReporter -->
<testsuite hostname="HW1315" name="com.desktopWeb.scripts.tools.TC_48_Add_Accodion" tests="1" failures="0" timestamp="4 Feb 2017 02:15:06 GMT" time="292.459" errors="0">
  <testcase name="TC48_Add_Accodion" time="292.459" classname="com.desktopWeb.scripts.tools.TC_48_Add_Accodion"/>
</testsuite> <!-- com.desktopWeb.scripts.tools.TC_48_Add_Accodion -->
