<?xml version="1.0" encoding="UTF-8"?>
<!-- Generated by org.testng.reporters.JUnitReportReporter -->
<testsuite hostname="HW1315" name="com.desktopWeb.scripts.sprint1.TC_148_Verify_Page_News_Page_Version_Duplicate_En" tests="1" failures="0" timestamp="4 Feb 2017 02:15:05 GMT" time="234.207" errors="0">
  <testcase name="TC148_Verify_Page_News_Page_Version_Duplicate_En" time="234.207" classname="com.desktopWeb.scripts.sprint1.TC_148_Verify_Page_News_Page_Version_Duplicate_En"/>
</testsuite> <!-- com.desktopWeb.scripts.sprint1.TC_148_Verify_Page_News_Page_Version_Duplicate_En -->
