<?xml version="1.0" encoding="UTF-8"?>
<!-- Generated by org.testng.reporters.JUnitReportReporter -->
<testsuite hostname="HW1315" name="com.desktopWeb.scripts.sprint2.TC_180_WCCP_417_1" tests="1" failures="0" timestamp="6 Feb 2017 08:12:27 GMT" time="748.648" errors="0">
  <testcase name="TC180_WCCP_417_414" time="748.648" classname="com.desktopWeb.scripts.sprint2.TC_180_WCCP_417_1"/>
</testsuite> <!-- com.desktopWeb.scripts.sprint2.TC_180_WCCP_417_1 -->
