<?xml version="1.0" encoding="UTF-8"?>
<!-- Generated by org.testng.reporters.JUnitReportReporter -->
<testsuite hostname="HW1315" name="com.desktopWeb.scripts.tools.TC_50_Verify_Authoring_Tools_Options" tests="1" failures="0" timestamp="4 Feb 2017 02:15:05 GMT" time="77.760" errors="0">
  <testcase name="TC50_Verify_Authoring_Tools_Options" time="77.760" classname="com.desktopWeb.scripts.tools.TC_50_Verify_Authoring_Tools_Options"/>
</testsuite> <!-- com.desktopWeb.scripts.tools.TC_50_Verify_Authoring_Tools_Options -->
