<?xml version="1.0" encoding="UTF-8"?>
<!-- Generated by org.testng.reporters.JUnitReportReporter -->
<testsuite hostname="HW1315" name="com.desktopWeb.scripts.sprint1.TC_168_Verify_Project_Sub_Page_Delete_Pa" tests="1" failures="0" timestamp="3 Feb 2017 12:42:47 GMT" time="99.190" errors="0">
  <testcase name="TC168_Verify_Project_Sub_Page_Delete_Pa" time="99.190" classname="com.desktopWeb.scripts.sprint1.TC_168_Verify_Project_Sub_Page_Delete_Pa"/>
</testsuite> <!-- com.desktopWeb.scripts.sprint1.TC_168_Verify_Project_Sub_Page_Delete_Pa -->
