<?xml version="1.0" encoding="UTF-8"?>
<!-- Generated by org.testng.reporters.JUnitReportReporter -->
<testsuite hostname="HW1315" name="com.desktopWeb.scripts.addUpdate.TC_55_Location_Update_Location" tests="1" failures="0" timestamp="2 Feb 2017 20:12:23 GMT" time="170.348" errors="0">
  <testcase name="TC55_Location_Update_Location" time="170.348" classname="com.desktopWeb.scripts.addUpdate.TC_55_Location_Update_Location"/>
</testsuite> <!-- com.desktopWeb.scripts.addUpdate.TC_55_Location_Update_Location -->
