<?xml version="1.0" encoding="UTF-8"?>
<!-- Generated by org.testng.reporters.JUnitReportReporter -->
<testsuite hostname="HW1315" name="com.desktopWeb.scripts.sprint1.TC_123_Verify_Project_Sub_Page_Mobile_Preview_En" tests="1" failures="0" timestamp="3 Feb 2017 12:42:46 GMT" time="133.959" errors="0">
  <testcase name="TC123_Verify_Project_Sub_Page_Mobile_Preview_En" time="133.959" classname="com.desktopWeb.scripts.sprint1.TC_123_Verify_Project_Sub_Page_Mobile_Preview_En"/>
</testsuite> <!-- com.desktopWeb.scripts.sprint1.TC_123_Verify_Project_Sub_Page_Mobile_Preview_En -->
