<?xml version="1.0" encoding="UTF-8"?>
<!-- Generated by org.testng.reporters.JUnitReportReporter -->
<testsuite hostname="HW1315" name="com.desktopWeb.scripts.page.TC_81_Verify_Site_Sub_Page_Delete" tests="1" failures="0" timestamp="3 Feb 2017 12:42:49 GMT" time="265.653" errors="0">
  <testcase name="TC81_Verify_Site_Sub_Page_Delete" time="265.653" classname="com.desktopWeb.scripts.page.TC_81_Verify_Site_Sub_Page_Delete"/>
</testsuite> <!-- com.desktopWeb.scripts.page.TC_81_Verify_Site_Sub_Page_Delete -->
