<?xml version="1.0" encoding="UTF-8"?>
<!-- Generated by org.testng.reporters.JUnitReportReporter -->
<testsuite hostname="HW1315" name="com.desktopWeb.scripts.sprint1.TC_120_Location_Project_Sub_Page_Location_En" tests="1" failures="0" timestamp="2 Feb 2017 20:12:23 GMT" time="149.945" errors="0">
  <testcase name="TC120_Location_Project_Sub_Page_Location_En" time="149.945" classname="com.desktopWeb.scripts.sprint1.TC_120_Location_Project_Sub_Page_Location_En"/>
</testsuite> <!-- com.desktopWeb.scripts.sprint1.TC_120_Location_Project_Sub_Page_Location_En -->
