<?xml version="1.0" encoding="UTF-8"?>
<!-- Generated by org.testng.reporters.JUnitReportReporter -->
<testsuite hostname="HW1315" name="com.desktopWeb.scripts.sprint1.TC_154_Verify_Page_News_Page_Version_Duplicate_Cm" tests="1" failures="0" timestamp="4 Feb 2017 02:15:05 GMT" time="227.330" errors="0">
  <testcase name="TC154_Verify_Page_News_Page_Version_Duplicate_Cm" time="227.330" classname="com.desktopWeb.scripts.sprint1.TC_154_Verify_Page_News_Page_Version_Duplicate_Cm"/>
</testsuite> <!-- com.desktopWeb.scripts.sprint1.TC_154_Verify_Page_News_Page_Version_Duplicate_Cm -->
