<?xml version="1.0" encoding="UTF-8"?>
<!-- Generated by org.testng.reporters.JUnitReportReporter -->
<testsuite hostname="HW1315" name="com.desktopWeb.scripts.sprint1.TC_156_Design_Page_News_Page_Template_Cm" tests="1" failures="0" timestamp="3 Feb 2017 12:42:46 GMT" time="237.430" errors="0">
  <testcase name="TC156_Design_Page_News_Page_Template_Cm" time="237.430" classname="com.desktopWeb.scripts.sprint1.TC_156_Design_Page_News_Page_Template_Cm"/>
</testsuite> <!-- com.desktopWeb.scripts.sprint1.TC_156_Design_Page_News_Page_Template_Cm -->
