<?xml version="1.0" encoding="UTF-8"?>
<!-- Generated by org.testng.reporters.JUnitReportReporter -->
<testsuite hostname="HW1315" name="com.desktopWeb.scripts.addUpdate.TC_54_SEO_Update_Name" tests="1" failures="0" timestamp="2 Feb 2017 20:12:23 GMT" time="124.066" errors="0">
  <testcase name="TC54_SEO_Update_Name" time="124.066" classname="com.desktopWeb.scripts.addUpdate.TC_54_SEO_Update_Name"/>
</testsuite> <!-- com.desktopWeb.scripts.addUpdate.TC_54_SEO_Update_Name -->
