<?xml version="1.0" encoding="UTF-8"?>
<!-- Generated by org.testng.reporters.JUnitReportReporter -->
<testsuite hostname="HW1315" name="com.desktopWeb.scripts.page.TC_74_Verify_Project_Sub_Page_Version_Duplicate" tests="1" failures="0" timestamp="2 Feb 2017 20:12:24 GMT" time="146.995" errors="0">
  <testcase name="TC74_Verify_Project_Sub_Page_Version_Duplicate" time="146.995" classname="com.desktopWeb.scripts.page.TC_74_Verify_Project_Sub_Page_Version_Duplicate"/>
</testsuite> <!-- com.desktopWeb.scripts.page.TC_74_Verify_Project_Sub_Page_Version_Duplicate -->
