<?xml version="1.0" encoding="UTF-8"?>
<!-- Generated by org.testng.reporters.JUnitReportReporter -->
<testsuite hostname="HW1315" name="com.desktopWeb.scripts.common.TC_18_Contactus_GuestUser" tests="1" failures="0" timestamp="4 Feb 2017 02:15:05 GMT" time="92.283" errors="0">
  <testcase name="TC18_Contactus_GuestUser" time="92.283" classname="com.desktopWeb.scripts.common.TC_18_Contactus_GuestUser"/>
</testsuite> <!-- com.desktopWeb.scripts.common.TC_18_Contactus_GuestUser -->
