<?xml version="1.0" encoding="UTF-8"?>
<!-- Generated by org.testng.reporters.JUnitReportReporter -->
<testsuite hostname="HW1315" name="com.desktopWeb.scripts.common.TC_02_CommonChecks_HomePage_HamburgerMenu_Login_Signout_CommunityUser" tests="1" failures="0" timestamp="4 Feb 2017 19:16:22 GMT" time="436.275" errors="0">
  <testcase name="TC02_CommonChecks_HomePage_HambergerMenu_Login_Signout_CommunityUser" time="436.275" classname="com.desktopWeb.scripts.common.TC_02_CommonChecks_HomePage_HamburgerMenu_Login_Signout_CommunityUser"/>
</testsuite> <!-- com.desktopWeb.scripts.common.TC_02_CommonChecks_HomePage_HamburgerMenu_Login_Signout_CommunityUser -->
