<?xml version="1.0" encoding="UTF-8"?>
<!-- Generated by org.testng.reporters.JUnitReportReporter -->
<testsuite hostname="HW1315" name="com.desktopWeb.scripts.sprint1.TC_115_WCCP_450_Verify_View_Project_CM" tests="1" failures="0" timestamp="2 Feb 2017 20:12:23 GMT" time="147.307" errors="0">
  <testcase name="TC115_WCCP_450_Verify_View_Project_CM" time="147.307" classname="com.desktopWeb.scripts.sprint1.TC_115_WCCP_450_Verify_View_Project_CM"/>
</testsuite> <!-- com.desktopWeb.scripts.sprint1.TC_115_WCCP_450_Verify_View_Project_CM -->
